<?xml version="1.0" encoding="UTF-8"?>
<!-- Generated by org.testng.reporters.JUnitReportReporter -->
<testsuite skipped="0" hostname="ITFDG98R" name="Test_Cases.Login_TestCase" tests="2" failures="0" timestamp="31 Jan 2021 23:48:04 GMT" time="2.349" errors="0">
  <testcase name="invalid_username" time="1.373" classname="Test_Cases.Login_TestCase"/>
  <testcase name="valid_username" time="0.976" classname="Test_Cases.Login_TestCase"/>
</testsuite> <!-- Test_Cases.Login_TestCase -->
